<?xml version="1.0" encoding="UTF-8"?>
<!-- Generated by org.testng.reporters.JUnitXMLReporter -->
<testsuite ignored="2" hostname="DESKTOP-HOI4KIH" failures="0" tests="8" name="Surefire test" time="0.165" errors="0" timestamp="2025-04-03T18:14:28 IST">
  <testcase classname="com.fortune.OutboundTask.OutBoundTaskTest" name="@BeforeSuite Login" time="49.817">
    <failure type="org.openqa.selenium.NoSuchSessionException" message="invalid session id: session deleted as the browser has closed the connection
from disconnected: not connected to DevTools
  (Session info: chrome=135.0.7049.42)
Build info: version: &amp;apos;4.27.0&amp;apos;, revision: &amp;apos;d6e718d134&amp;apos;
System info: os.name: &amp;apos;Windows 10&amp;apos;, os.arch: &amp;apos;amd64&amp;apos;, os.version: &amp;apos;10.0&amp;apos;, java.version: &amp;apos;21.0.5&amp;apos;
Driver info: org.openqa.selenium.chrome.ChromeDriver
Command: [b361d335b26709d00311d98fd03cddc3, findElement {value=phone_login, using=name}]
Capabilities {acceptInsecureCerts: true, browserName: chrome, browserVersion: 135.0.7049.42, chrome: {chromedriverVersion: 135.0.7049.42 (0f351bbd2617..., userDataDir: C:\Users\PRATIK~1.PAT\AppDa...}, fedcm:accounts: true, goog:chromeOptions: {debuggerAddress: localhost:58552}, networkConnectionEnabled: false, pageLoadStrategy: normal, platformName: windows, proxy: Proxy(), se:cdp: ws://localhost:58552/devtoo..., se:cdpVersion: 135.0.7049.42, setWindowRect: true, strictFileInteractability: false, timeouts: {implicit: 0, pageLoad: 300000, script: 30000}, unhandledPromptBehavior: dismiss and notify, webauthn:extension:credBlob: true, webauthn:extension:largeBlob: true, webauthn:extension:minPinLength: true, webauthn:extension:prf: true, webauthn:virtualAuthenticators: true}
Session ID: b361d335b26709d00311d98fd03cddc3">
      <![CDATA[org.openqa.selenium.NoSuchSessionException: invalid session id: session deleted as the browser has closed the connection
from disconnected: not connected to DevTools
  (Session info: chrome=135.0.7049.42)
Build info: version: '4.27.0', revision: 'd6e718d134'
System info: os.name: 'Windows 10', os.arch: 'amd64', os.version: '10.0', java.version: '21.0.5'
Driver info: org.openqa.selenium.chrome.ChromeDriver
Command: [b361d335b26709d00311d98fd03cddc3, findElement {value=phone_login, using=name}]
Capabilities {acceptInsecureCerts: true, browserName: chrome, browserVersion: 135.0.7049.42, chrome: {chromedriverVersion: 135.0.7049.42 (0f351bbd2617..., userDataDir: C:\Users\PRATIK~1.PAT\AppDa...}, fedcm:accounts: true, goog:chromeOptions: {debuggerAddress: localhost:58552}, networkConnectionEnabled: false, pageLoadStrategy: normal, platformName: windows, proxy: Proxy(), se:cdp: ws://localhost:58552/devtoo..., se:cdpVersion: 135.0.7049.42, setWindowRect: true, strictFileInteractability: false, timeouts: {implicit: 0, pageLoad: 300000, script: 30000}, unhandledPromptBehavior: dismiss and notify, webauthn:extension:credBlob: true, webauthn:extension:largeBlob: true, webauthn:extension:minPinLength: true, webauthn:extension:prf: true, webauthn:virtualAuthenticators: true}
Session ID: b361d335b26709d00311d98fd03cddc3
at org.openqa.selenium.remote.ErrorCodec.decode(ErrorCodec.java:167)
at org.openqa.selenium.remote.codec.w3c.W3CHttpResponseCodec.decode(W3CHttpResponseCodec.java:138)
at org.openqa.selenium.remote.codec.w3c.W3CHttpResponseCodec.decode(W3CHttpResponseCodec.java:50)
at org.openqa.selenium.remote.HttpCommandExecutor.execute(HttpCommandExecutor.java:190)
at org.openqa.selenium.remote.service.DriverCommandExecutor.invokeExecute(DriverCommandExecutor.java:216)
at org.openqa.selenium.remote.service.DriverCommandExecutor.execute(DriverCommandExecutor.java:174)
at org.openqa.selenium.remote.RemoteWebDriver.execute(RemoteWebDriver.java:545)
at org.openqa.selenium.remote.ElementLocation$ElementFinder$2.findElement(ElementLocation.java:165)
at org.openqa.selenium.remote.ElementLocation.findElement(ElementLocation.java:59)
at org.openqa.selenium.remote.RemoteWebDriver.findElement(RemoteWebDriver.java:368)
at org.openqa.selenium.remote.RemoteWebDriver.findElement(RemoteWebDriver.java:362)
at com.fortune.pageobjects.DialerLoginPage.phoneLogin(DialerLoginPage.java:36)
at com.fortune.OutboundTask.OutBoundTaskTest.Login(OutBoundTaskTest.java:39)
... Removed 25 stack frames]]>
    </failure>
  </testcase> <!-- @BeforeSuite Login -->
  <testcase classname="com.fortune.OutboundTask.OutBoundTaskTest" name="@BeforeClass openOutBoundTaskMenu" time="0.0">
    <skipped/>
  </testcase> <!-- @BeforeClass openOutBoundTaskMenu -->
  <testcase classname="com.fortune.OutboundTask.OutBoundTaskTest" name="@BeforeMethod startTestMethod" time="0.0">
    <skipped/>
  </testcase> <!-- @BeforeMethod startTestMethod -->
  <testcase classname="com.fortune.OutboundTask.OutBoundTaskTest" name="@AfterMethod endTestMethod" time="0.0">
    <skipped/>
  </testcase> <!-- @AfterMethod endTestMethod -->
  <testcase classname="com.fortune.testcases.LoginTest" name="@BeforeClass launch" time="0.0">
    <skipped/>
  </testcase> <!-- @BeforeClass launch -->
  <testcase classname="com.fortune.testcases.LoginTest" name="@AfterClass closed" time="0.0">
    <skipped/>
  </testcase> <!-- @AfterClass closed -->
  <testcase classname="com.fortune.OutboundTask.OutBoundTaskTest" name="executeTelecallingTestCases" time="0.0">
    <skipped/>
  </testcase> <!-- executeTelecallingTestCases -->
  <testcase classname="com.fortune.testcases.LoginTest" name="loginByInvalidCredentials" time="0.0">
    <skipped/>
  </testcase> <!-- loginByInvalidCredentials -->
  <testcase classname="com.fortune.testcases.LoginTest" name="loginByInvalidCredentials" time="0.001">
    <skipped/>
  </testcase> <!-- loginByInvalidCredentials -->
  <testcase classname="com.fortune.testcases.LoginTest" name="loginByInvalidCredentials" time="0.0">
    <skipped/>
  </testcase> <!-- loginByInvalidCredentials -->
  <testcase classname="com.fortune.testcases.LoginTest" name="loginByBlankCredentials" time="0.0">
    <skipped/>
  </testcase> <!-- loginByBlankCredentials -->
  <testcase classname="com.fortune.testcases.LoginTest" name="loginByBlankCredentials" time="0.0">
    <skipped/>
  </testcase> <!-- loginByBlankCredentials -->
  <testcase classname="com.fortune.testcases.LoginTest" name="loginByBlankCredentials" time="0.0">
    <skipped/>
  </testcase> <!-- loginByBlankCredentials -->
  <testcase classname="com.fortune.testcases.LoginTest" name="loginByValidCredentials" time="0.0">
    <skipped/>
  </testcase> <!-- loginByValidCredentials -->
  <testcase classname="com.fortune.base.BaseClass" name="@AfterSuite tearDown" time="0.0">
    <ignored/>
  </testcase> <!-- @AfterSuite tearDown -->
  <testcase classname="com.fortune.base.BaseClass" name="@BeforeSuite generateReport" time="0.0">
    <ignored/>
  </testcase> <!-- @BeforeSuite generateReport -->
</testsuite> <!-- Surefire test -->
